<?xml version="1.0" encoding="UTF-8"?>
<testsuites name="test_suites" time="37.78" tests="1" failures="0" errors="0">
   <testsuite name="test_suites" tests="1" failures="0" errors="0" time="37.78" skipped="0" timestamp="30-01-2024T19:15:29" hostname="nsdan - Nru707" id="Test Suites/Amazon_item_search_TC003_testsuite/test_suites">
      <properties>
         <property name="deviceName" value=""/>
         <property name="devicePlatform" value=""/>
         <property name="logFolder" value="C:\\Users\\nsdan\\git\\Amazon-s-Katalon-Automation-Testing\\Reports\\20240130_191515\\Amazon_item_search_TC003_testsuite\\test_suites\\20240130_191515"/>
         <property name="logFiles" value="C:\\Users\\nsdan\\git\\Amazon-s-Katalon-Automation-Testing\\Reports\\20240130_191515\\Amazon_item_search_TC003_testsuite\\test_suites\\20240130_191515\\execution0.log"/>
         <property name="attachments" value=""/>
         <property name="hostName" value="nsdan - Nru707"/>
         <property name="os" value="Windows 11 64bit"/>
         <property name="katalonVersion" value="9.2.0.212"/>
         <property name="browser" value="Chrome 120.0.0.0"/>
         <property name="hostAddress" value="169.254.36.135"/>
         <property name="sessionId" value="f5a2b67538502614a0872e84c06c3d32"/>
         <property name="seleniumVersion" value="3.141.59"/>
         <property name="proxyInformation" value="ProxyInformation { proxyOption=NO_PROXY, proxyServerType=HTTP, username=, password=********, proxyServerAddress=, proxyServerPort=0, executionList=&quot;&quot;, isApplyToDesiredCapabilities=true }"/>
         <property name="platform" value="Windows 11"/>
      </properties>
      <testcase name="Test Cases/Testing_Modes/By_Record_web/Amazon_item_search_TC003" time="37.574" classname="Test Cases/Testing_Modes/By_Record_web/Amazon_item_search_TC003" status="PASSED">
         <system-out><![CDATA[30-01-2024T19:15:29 - [TEST_CASE][PASSED] - Test Cases/Testing_Modes/By_Record_web/Amazon_item_search_TC003: Test Cases/Testing_Modes/By_Record_web/Amazon_item_search_TC003

30-01-2024T19:15:29 - [TEST_STEP][PASSED] - openBrowser(""): Browser is opened with url: ''

30-01-2024T19:15:30 - [MESSAGE][INFO] - Starting 'Chrome' driver

30-01-2024T19:15:30 - [MESSAGE][INFO] - Action delay is set to 0 milliseconds

30-01-2024T19:15:31 - [MESSAGE][PASSED] - Browser is opened with url: ''

30-01-2024T19:15:31 - [TEST_STEP][PASSED] - navigateToUrl("https://www.amazon.com/"): Navigate to 'https://www.amazon.com/' successfully

30-01-2024T19:15:33 - [MESSAGE][PASSED] - Navigate to 'https://www.amazon.com/' successfully

30-01-2024T19:15:33 - [TEST_STEP][PASSED] - setText(findTestObject("Object Repository/Amazon_item_search_TC003/Page_Amazon.com. Spend less. Smile more/input_field-keywords"), "chemistry book"): Text 'chemistry book' is set on object 'Object Repository/Amazon_item_search_TC003/Page_Amazon.com. Spend less. Smile more/input_field-keywords'

30-01-2024T19:15:49 - [MESSAGE][PASSED] - Text 'chemistry book' is set on object 'Object Repository/Amazon_item_search_TC003/Page_Amazon.com. Spend less. Smile more/input_field-keywords'

30-01-2024T19:15:49 - [TEST_STEP][PASSED] - click(findTestObject("Object Repository/Amazon_item_search_TC003/Page_Amazon.com. Spend less. Smile more/inputnav-search-submit-button")): Object: 'Object Repository/Amazon_item_search_TC003/Page_Amazon.com. Spend less. Smile more/inputnav-search-submit-button' is clicked on

30-01-2024T19:16:06 - [MESSAGE][PASSED] - Object: 'Object Repository/Amazon_item_search_TC003/Page_Amazon.com. Spend less. Smile more/inputnav-search-submit-button' is clicked on

30-01-2024T19:16:06 - [TEST_STEP][PASSED] - closeBrowser(): Browser is closed

30-01-2024T19:16:06 - [MESSAGE][PASSED] - Browser is closed]]></system-out>
         <system-err><![CDATA[]]></system-err>
      </testcase>
      <system-out><![CDATA[30-01-2024T19:15:29 - [TEST_SUITE][PASSED] - test_suites: Test Cases/Testing_Modes/By_Record_web/Amazon_item_search_TC003]]></system-out>
      <system-err><![CDATA[]]></system-err>
   </testsuite>
</testsuites>
