<?xml version="1.0" encoding="UTF-8"?>
<testsuites name="Test Suite" time="49.692" tests="1" failures="0" errors="0">
   <testsuite name="Test Suite" tests="1" failures="0" errors="0" time="49.692" skipped="0" timestamp="30-01-2024T19:18:56" hostname="nsdan - Nru707" id="Test Suites/Amazon_add_to_cart_TC004_testsuites/Test Suite">
      <properties>
         <property name="deviceName" value=""/>
         <property name="devicePlatform" value=""/>
         <property name="logFolder" value="C:\\Users\\nsdan\\git\\Amazon-s-Katalon-Automation-Testing\\Reports\\20240130_191842\\Amazon_add_to_cart_TC004_testsuites\\Test Suite\\20240130_191842"/>
         <property name="logFiles" value="C:\\Users\\nsdan\\git\\Amazon-s-Katalon-Automation-Testing\\Reports\\20240130_191842\\Amazon_add_to_cart_TC004_testsuites\\Test Suite\\20240130_191842\\execution0.log"/>
         <property name="attachments" value=""/>
         <property name="hostName" value="nsdan - Nru707"/>
         <property name="os" value="Windows 11 64bit"/>
         <property name="katalonVersion" value="9.2.0.212"/>
         <property name="browser" value="Chrome 120.0.0.0"/>
         <property name="hostAddress" value="169.254.36.135"/>
         <property name="sessionId" value="a9d9c8d24432fa6abc15543dacb471bf"/>
         <property name="seleniumVersion" value="3.141.59"/>
         <property name="proxyInformation" value="ProxyInformation { proxyOption=NO_PROXY, proxyServerType=HTTP, username=, password=********, proxyServerAddress=, proxyServerPort=0, executionList=&quot;&quot;, isApplyToDesiredCapabilities=true }"/>
         <property name="platform" value="Windows 11"/>
      </properties>
      <testcase name="Test Cases/Testing_Modes/By_Record_web/Amazon_add_to_cart_TC004" time="49.441" classname="Test Cases/Testing_Modes/By_Record_web/Amazon_add_to_cart_TC004" status="PASSED">
         <system-out><![CDATA[30-01-2024T19:18:56 - [TEST_CASE][PASSED] - Test Cases/Testing_Modes/By_Record_web/Amazon_add_to_cart_TC004: Test Cases/Testing_Modes/By_Record_web/Amazon_add_to_cart_TC004

30-01-2024T19:18:56 - [TEST_STEP][PASSED] - openBrowser(""): Browser is opened with url: ''

30-01-2024T19:18:57 - [MESSAGE][INFO] - Starting 'Chrome' driver

30-01-2024T19:18:57 - [MESSAGE][INFO] - Action delay is set to 0 milliseconds

30-01-2024T19:18:58 - [MESSAGE][PASSED] - Browser is opened with url: ''

30-01-2024T19:18:58 - [TEST_STEP][PASSED] - navigateToUrl("https://www.amazon.com/"): Navigate to 'https://www.amazon.com/' successfully

30-01-2024T19:19:00 - [MESSAGE][PASSED] - Navigate to 'https://www.amazon.com/' successfully

30-01-2024T19:19:00 - [TEST_STEP][PASSED] - setText(findTestObject("Object Repository/Amazon_add_to_cart_TC004/Page_Amazon.com. Spend less. Smile more/input_field-keywords"), "chemistry book"): Text 'chemistry book' is set on object 'Object Repository/Amazon_add_to_cart_TC004/Page_Amazon.com. Spend less. Smile more/input_field-keywords'

30-01-2024T19:19:15 - [MESSAGE][PASSED] - Text 'chemistry book' is set on object 'Object Repository/Amazon_add_to_cart_TC004/Page_Amazon.com. Spend less. Smile more/input_field-keywords'

30-01-2024T19:19:15 - [TEST_STEP][PASSED] - click(findTestObject("Object Repository/Amazon_add_to_cart_TC004/Page_Amazon.com. Spend less. Smile more/inputnav-search-submit-button")): Object: 'Object Repository/Amazon_add_to_cart_TC004/Page_Amazon.com. Spend less. Smile more/inputnav-search-submit-button' is clicked on

30-01-2024T19:19:25 - [MESSAGE][PASSED] - Object: 'Object Repository/Amazon_add_to_cart_TC004/Page_Amazon.com. Spend less. Smile more/inputnav-search-submit-button' is clicked on

30-01-2024T19:19:25 - [TEST_STEP][PASSED] - click(findTestObject("Object Repository/Amazon_add_to_cart_TC004/Page_Amazon.com  chemistry book/span_AP Chemistry Premium, 2024 6 Practice _66fc73")): Object: 'Object Repository/Amazon_add_to_cart_TC004/Page_Amazon.com  chemistry book/span_AP Chemistry Premium, 2024 6 Practice _66fc73' is clicked on

30-01-2024T19:19:34 - [MESSAGE][PASSED] - Object: 'Object Repository/Amazon_add_to_cart_TC004/Page_Amazon.com  chemistry book/span_AP Chemistry Premium, 2024 6 Practice _66fc73' is clicked on

30-01-2024T19:19:34 - [TEST_STEP][PASSED] - click(findTestObject("Object Repository/Amazon_add_to_cart_TC004/Page_Amazon.com AP Chemistry Premium, 2024 _35f007/input_submit.add-to-cart")): Object: 'Object Repository/Amazon_add_to_cart_TC004/Page_Amazon.com AP Chemistry Premium, 2024 _35f007/input_submit.add-to-cart' is clicked on

30-01-2024T19:19:42 - [MESSAGE][PASSED] - Object: 'Object Repository/Amazon_add_to_cart_TC004/Page_Amazon.com AP Chemistry Premium, 2024 _35f007/input_submit.add-to-cart' is clicked on

30-01-2024T19:19:42 - [TEST_STEP][PASSED] - verifyElementText(findTestObject("Object Repository/Amazon_add_to_cart_TC004/Page_Amazon.com Shopping Cart/span_Added to Cart"), "Added to Cart"): Actual text and expected text of test object 'Object Repository/Amazon_add_to_cart_TC004/Page_Amazon.com Shopping Cart/span_Added to Cart' are matched.

30-01-2024T19:19:45 - [MESSAGE][PASSED] - Actual text and expected text of test object 'Object Repository/Amazon_add_to_cart_TC004/Page_Amazon.com Shopping Cart/span_Added to Cart' are matched.

30-01-2024T19:19:45 - [TEST_STEP][PASSED] - closeBrowser(): Browser is closed

30-01-2024T19:19:45 - [MESSAGE][PASSED] - Browser is closed]]></system-out>
         <system-err><![CDATA[]]></system-err>
      </testcase>
      <system-out><![CDATA[30-01-2024T19:18:56 - [TEST_SUITE][PASSED] - Test Suite: Test Cases/Testing_Modes/By_Record_web/Amazon_add_to_cart_TC004]]></system-out>
      <system-err><![CDATA[]]></system-err>
   </testsuite>
</testsuites>
