<?xml version="1.0" encoding="UTF-8"?>
<testsuites name="Amazon_Signup_TC001_TestSuite" time="76.778" tests="1" failures="0" errors="0">
   <testsuite name="Amazon_Signup_TC001_TestSuite" tests="1" failures="0" errors="0" time="76.778" skipped="0" timestamp="30-01-2024T22:55:42" hostname="nsdan - Nru707" id="Test Suites/Amazon_Signup_TestSuite/Amazon_Signup_TC001_TestSuite">
      <properties>
         <property name="deviceName" value=""/>
         <property name="devicePlatform" value=""/>
         <property name="logFolder" value="C:\\Users\\nsdan\\git\\Amazon-s-Katalon-Automation-Testing\\Reports\\20240130_225528\\Amazon_Signup_TestSuite\\Amazon_Signup_TC001_TestSuite\\20240130_225528"/>
         <property name="logFiles" value="C:\\Users\\nsdan\\git\\Amazon-s-Katalon-Automation-Testing\\Reports\\20240130_225528\\Amazon_Signup_TestSuite\\Amazon_Signup_TC001_TestSuite\\20240130_225528\\execution0.log"/>
         <property name="attachments" value=""/>
         <property name="hostName" value="nsdan - Nru707"/>
         <property name="os" value="Windows 11 64bit"/>
         <property name="katalonVersion" value="9.2.0.212"/>
         <property name="browser" value="Chrome 120.0.0.0"/>
         <property name="hostAddress" value="169.254.36.135"/>
         <property name="sessionId" value="11353474cd61ef35e563990ddfe58074"/>
         <property name="seleniumVersion" value="3.141.59"/>
         <property name="proxyInformation" value="ProxyInformation { proxyOption=NO_PROXY, proxyServerType=HTTP, username=, password=********, proxyServerAddress=, proxyServerPort=0, executionList=&quot;&quot;, isApplyToDesiredCapabilities=true }"/>
         <property name="platform" value="Windows 11"/>
      </properties>
      <testcase name="Test Cases/Testing_Modes/By_Record_web/Amazon_signup_TC001" time="76.592" classname="Test Cases/Testing_Modes/By_Record_web/Amazon_signup_TC001" status="PASSED">
         <system-out><![CDATA[30-01-2024T22:55:42 - [TEST_CASE][PASSED] - Test Cases/Testing_Modes/By_Record_web/Amazon_signup_TC001: Test Cases/Testing_Modes/By_Record_web/Amazon_signup_TC001

30-01-2024T22:55:42 - [TEST_STEP][PASSED] - openBrowser(""): Browser is opened with url: ''

30-01-2024T22:55:42 - [MESSAGE][INFO] - Starting 'Chrome' driver

30-01-2024T22:55:43 - [MESSAGE][INFO] - Action delay is set to 0 milliseconds

30-01-2024T22:55:44 - [MESSAGE][PASSED] - Browser is opened with url: ''

30-01-2024T22:55:44 - [TEST_STEP][PASSED] - navigateToUrl("https://www.amazon.com/"): Navigate to 'https://www.amazon.com/' successfully

30-01-2024T22:55:48 - [MESSAGE][PASSED] - Navigate to 'https://www.amazon.com/' successfully

30-01-2024T22:55:48 - [TEST_STEP][PASSED] - click(findTestObject("Object Repository/Amazon_signup_TC001/Page_Amazon.com. Spend less. Smile more/span_Hello, sign in")): Object: 'Object Repository/Amazon_signup_TC001/Page_Amazon.com. Spend less. Smile more/span_Hello, sign in' is clicked on

30-01-2024T22:56:39 - [MESSAGE][PASSED] - Object: 'Object Repository/Amazon_signup_TC001/Page_Amazon.com. Spend less. Smile more/span_Hello, sign in' is clicked on

30-01-2024T22:56:39 - [TEST_STEP][PASSED] - click(findTestObject("Object Repository/Amazon_signup_TC001/Page_Amazon Sign-In/a_Create your Amazon account")): Object: 'Object Repository/Amazon_signup_TC001/Page_Amazon Sign-In/a_Create your Amazon account' is clicked on

30-01-2024T22:56:51 - [MESSAGE][PASSED] - Object: 'Object Repository/Amazon_signup_TC001/Page_Amazon Sign-In/a_Create your Amazon account' is clicked on

30-01-2024T22:56:51 - [TEST_STEP][PASSED] - setText(findTestObject("Object Repository/Amazon_signup_TC001/Page_Amazon Registration/input_customerName"), "Narendra singh"): Text 'Narendra singh' is set on object 'Object Repository/Amazon_signup_TC001/Page_Amazon Registration/input_customerName'

30-01-2024T22:56:53 - [MESSAGE][PASSED] - Text 'Narendra singh' is set on object 'Object Repository/Amazon_signup_TC001/Page_Amazon Registration/input_customerName'

30-01-2024T22:56:53 - [TEST_STEP][PASSED] - setText(findTestObject("Object Repository/Amazon_signup_TC001/Page_Amazon Registration/input_email"), "nru08028@gmail.com"): Text 'nru08028@gmail.com' is set on object 'Object Repository/Amazon_signup_TC001/Page_Amazon Registration/input_email'

30-01-2024T22:56:54 - [MESSAGE][PASSED] - Text 'nru08028@gmail.com' is set on object 'Object Repository/Amazon_signup_TC001/Page_Amazon Registration/input_email'

30-01-2024T22:56:54 - [TEST_STEP][PASSED] - setEncryptedText(findTestObject("Object Repository/Amazon_signup_TC001/Page_Amazon Registration/input_password"), "G74V49Pg4522B1vm99sENQ=="): Text ****** has been set on object 'Object Repository/Amazon_signup_TC001/Page_Amazon Registration/input_password'

30-01-2024T22:56:54 - [MESSAGE][PASSED] - Text ****** has been set on object 'Object Repository/Amazon_signup_TC001/Page_Amazon Registration/input_password'

30-01-2024T22:56:54 - [TEST_STEP][PASSED] - setEncryptedText(findTestObject("Object Repository/Amazon_signup_TC001/Page_Amazon Registration/input_passwordCheck"), "G74V49Pg4522B1vm99sENQ=="): Text ****** has been set on object 'Object Repository/Amazon_signup_TC001/Page_Amazon Registration/input_passwordCheck'

30-01-2024T22:56:55 - [MESSAGE][PASSED] - Text ****** has been set on object 'Object Repository/Amazon_signup_TC001/Page_Amazon Registration/input_passwordCheck'

30-01-2024T22:56:55 - [TEST_STEP][PASSED] - click(findTestObject("Object Repository/Amazon_signup_TC001/Page_Amazon Registration/inputcontinue")): Object: 'Object Repository/Amazon_signup_TC001/Page_Amazon Registration/inputcontinue' is clicked on

30-01-2024T22:56:58 - [MESSAGE][PASSED] - Object: 'Object Repository/Amazon_signup_TC001/Page_Amazon Registration/inputcontinue' is clicked on

30-01-2024T22:56:58 - [TEST_STEP][PASSED] - closeBrowser(): Browser is closed

30-01-2024T22:56:58 - [MESSAGE][PASSED] - Browser is closed]]></system-out>
         <system-err><![CDATA[]]></system-err>
      </testcase>
      <system-out><![CDATA[30-01-2024T22:55:42 - [TEST_SUITE][PASSED] - Amazon_Signup_TC001_TestSuite: Test Cases/Testing_Modes/By_Record_web/Amazon_signup_TC001]]></system-out>
      <system-err><![CDATA[]]></system-err>
   </testsuite>
</testsuites>
