<?xml version="1.0" encoding="UTF-8"?>
<testsuites name="Test Suite" time="22.163" tests="1" failures="0" errors="0">
   <testsuite name="Test Suite" tests="1" failures="0" errors="0" time="22.163" skipped="0" timestamp="30-01-2024T18:44:45" hostname="nsdan - Nru707" id="Test Suites/Amazon_login_TC002_testSuite/Test Suite">
      <properties>
         <property name="deviceName" value=""/>
         <property name="devicePlatform" value=""/>
         <property name="logFolder" value="C:\\Users\\nsdan\\git\\Amazon-s-Katalon-Automation-Testing\\Reports\\20240130_184430\\Amazon_login_TC002_testSuite\\Test Suite\\20240130_184430"/>
         <property name="logFiles" value="C:\\Users\\nsdan\\git\\Amazon-s-Katalon-Automation-Testing\\Reports\\20240130_184430\\Amazon_login_TC002_testSuite\\Test Suite\\20240130_184430\\execution0.log"/>
         <property name="attachments" value=""/>
         <property name="hostName" value="nsdan - Nru707"/>
         <property name="os" value="Windows 11 64bit"/>
         <property name="katalonVersion" value="9.2.0.212"/>
         <property name="browser" value="Chrome 120.0.0.0"/>
         <property name="hostAddress" value="169.254.36.135"/>
         <property name="sessionId" value="718086c6bc29f805eab0471df03922b6"/>
         <property name="seleniumVersion" value="3.141.59"/>
         <property name="proxyInformation" value="ProxyInformation { proxyOption=NO_PROXY, proxyServerType=HTTP, username=, password=********, proxyServerAddress=, proxyServerPort=0, executionList=&quot;&quot;, isApplyToDesiredCapabilities=true }"/>
         <property name="platform" value="Windows 11"/>
      </properties>
      <testcase name="Test Cases/Testing_Modes/By_Record_web/Amazon_login_TC_002" time="21.945" classname="Test Cases/Testing_Modes/By_Record_web/Amazon_login_TC_002" status="PASSED">
         <system-out><![CDATA[30-01-2024T18:44:45 - [TEST_CASE][PASSED] - Test Cases/Testing_Modes/By_Record_web/Amazon_login_TC_002: Test Cases/Testing_Modes/By_Record_web/Amazon_login_TC_002

30-01-2024T18:44:45 - [TEST_STEP][PASSED] - openBrowser(""): Browser is opened with url: ''

30-01-2024T18:44:46 - [MESSAGE][INFO] - Starting 'Chrome' driver

30-01-2024T18:44:46 - [MESSAGE][INFO] - Action delay is set to 0 milliseconds

30-01-2024T18:44:49 - [MESSAGE][PASSED] - Browser is opened with url: ''

30-01-2024T18:44:49 - [TEST_STEP][PASSED] - navigateToUrl("https://www.amazon.com"): Navigate to 'https://www.amazon.com' successfully

30-01-2024T18:44:50 - [MESSAGE][PASSED] - Navigate to 'https://www.amazon.com' successfully

30-01-2024T18:44:50 - [TEST_STEP][PASSED] - click(findTestObject("Object Repository/Amazon_login_TC_002/Page_Amazon.com. Spend less. Smile more/span_Hello, sign in")): Object: 'Object Repository/Amazon_login_TC_002/Page_Amazon.com. Spend less. Smile more/span_Hello, sign in' is clicked on

30-01-2024T18:45:01 - [MESSAGE][PASSED] - Object: 'Object Repository/Amazon_login_TC_002/Page_Amazon.com. Spend less. Smile more/span_Hello, sign in' is clicked on

30-01-2024T18:45:01 - [TEST_STEP][PASSED] - setText(findTestObject("Object Repository/Amazon_login_TC_002/Page_Amazon Sign-In/input_email"), "nru08028@gmail.com"): Text 'nru08028@gmail.com' is set on object 'Object Repository/Amazon_login_TC_002/Page_Amazon Sign-In/input_email'

30-01-2024T18:45:03 - [MESSAGE][PASSED] - Text 'nru08028@gmail.com' is set on object 'Object Repository/Amazon_login_TC_002/Page_Amazon Sign-In/input_email'

30-01-2024T18:45:03 - [TEST_STEP][PASSED] - click(findTestObject("Object Repository/Amazon_login_TC_002/Page_Amazon Sign-In/inputcontinue")): Object: 'Object Repository/Amazon_login_TC_002/Page_Amazon Sign-In/inputcontinue' is clicked on

30-01-2024T18:45:05 - [MESSAGE][PASSED] - Object: 'Object Repository/Amazon_login_TC_002/Page_Amazon Sign-In/inputcontinue' is clicked on

30-01-2024T18:45:05 - [TEST_STEP][PASSED] - setEncryptedText(findTestObject("Object Repository/Amazon_login_TC_002/Page_Amazon Sign-In/input_password"), "G74V49Pg4522B1vm99sENQ=="): Text ****** has been set on object 'Object Repository/Amazon_login_TC_002/Page_Amazon Sign-In/input_password'

30-01-2024T18:45:06 - [MESSAGE][PASSED] - Text ****** has been set on object 'Object Repository/Amazon_login_TC_002/Page_Amazon Sign-In/input_password'

30-01-2024T18:45:06 - [TEST_STEP][PASSED] - click(findTestObject("Object Repository/Amazon_login_TC_002/Page_Amazon Sign-In/inputsignInSubmit")): Object: 'Object Repository/Amazon_login_TC_002/Page_Amazon Sign-In/inputsignInSubmit' is clicked on

30-01-2024T18:45:07 - [MESSAGE][PASSED] - Object: 'Object Repository/Amazon_login_TC_002/Page_Amazon Sign-In/inputsignInSubmit' is clicked on

30-01-2024T18:45:07 - [TEST_STEP][PASSED] - closeBrowser(): Browser is closed

30-01-2024T18:45:07 - [MESSAGE][PASSED] - Browser is closed]]></system-out>
         <system-err><![CDATA[]]></system-err>
      </testcase>
      <system-out><![CDATA[30-01-2024T18:44:45 - [TEST_SUITE][PASSED] - Test Suite: Test Cases/Testing_Modes/By_Record_web/Amazon_login_TC_002]]></system-out>
      <system-err><![CDATA[]]></system-err>
   </testsuite>
</testsuites>
