<?xml version="1.0" encoding="UTF-8"?>
<testsuites name="Amazon_delete_item_from_cart_TC005_TestSuite" time="100.34" tests="1" failures="0" errors="0">
   <testsuite name="Amazon_delete_item_from_cart_TC005_TestSuite" tests="1" failures="0" errors="0" time="100.34" skipped="0" timestamp="30-01-2024T22:35:23" hostname="nsdan - Nru707" id="Test Suites/Amazon_delete_item_from_cart_testsuite/Amazon_delete_item_from_cart_TC005_TestSuite">
      <properties>
         <property name="deviceName" value=""/>
         <property name="devicePlatform" value=""/>
         <property name="logFolder" value="C:\\Users\\nsdan\\git\\Amazon-s-Katalon-Automation-Testing\\Reports\\20240130_223510\\Amazon_delete_item_from_cart_testsuite\\Amazon_delete_item_from_cart_TC005_TestSuite\\20240130_223510"/>
         <property name="logFiles" value="C:\\Users\\nsdan\\git\\Amazon-s-Katalon-Automation-Testing\\Reports\\20240130_223510\\Amazon_delete_item_from_cart_testsuite\\Amazon_delete_item_from_cart_TC005_TestSuite\\20240130_223510\\execution0.log"/>
         <property name="attachments" value=""/>
         <property name="hostName" value="nsdan - Nru707"/>
         <property name="os" value="Windows 11 64bit"/>
         <property name="katalonVersion" value="9.2.0.212"/>
         <property name="browser" value="Chrome 120.0.0.0"/>
         <property name="hostAddress" value="169.254.36.135"/>
         <property name="sessionId" value="8c1c1f80690f135bed147ad1bdfbc052"/>
         <property name="seleniumVersion" value="3.141.59"/>
         <property name="proxyInformation" value="ProxyInformation { proxyOption=NO_PROXY, proxyServerType=HTTP, username=, password=********, proxyServerAddress=, proxyServerPort=0, executionList=&quot;&quot;, isApplyToDesiredCapabilities=true }"/>
         <property name="platform" value="Windows 11"/>
      </properties>
      <testcase name="Test Cases/Testing_Modes/By_Record_web/Amazon_delete_item_from_cart_TC005" time="100.142" classname="Test Cases/Testing_Modes/By_Record_web/Amazon_delete_item_from_cart_TC005" status="PASSED">
         <system-out><![CDATA[30-01-2024T22:35:23 - [TEST_CASE][PASSED] - Test Cases/Testing_Modes/By_Record_web/Amazon_delete_item_from_cart_TC005: Test Cases/Testing_Modes/By_Record_web/Amazon_delete_item_from_cart_TC005

30-01-2024T22:35:24 - [TEST_STEP][PASSED] - openBrowser(""): Browser is opened with url: ''

30-01-2024T22:35:24 - [MESSAGE][INFO] - Starting 'Chrome' driver

30-01-2024T22:35:24 - [MESSAGE][INFO] - Action delay is set to 0 milliseconds

30-01-2024T22:35:25 - [MESSAGE][PASSED] - Browser is opened with url: ''

30-01-2024T22:35:25 - [TEST_STEP][PASSED] - navigateToUrl("https://www.amazon.com/"): Navigate to 'https://www.amazon.com/' successfully

30-01-2024T22:35:27 - [MESSAGE][PASSED] - Navigate to 'https://www.amazon.com/' successfully

30-01-2024T22:35:27 - [TEST_STEP][PASSED] - setText(findTestObject("Object Repository/Amazon_delete_item_from_cart_TC005/Page_Amazon.com. Spend less. Smile more/input_field-keywords"), "chemistry book"): Text 'chemistry book' is set on object 'Object Repository/Amazon_delete_item_from_cart_TC005/Page_Amazon.com. Spend less. Smile more/input_field-keywords'

30-01-2024T22:35:46 - [MESSAGE][PASSED] - Text 'chemistry book' is set on object 'Object Repository/Amazon_delete_item_from_cart_TC005/Page_Amazon.com. Spend less. Smile more/input_field-keywords'

30-01-2024T22:35:46 - [TEST_STEP][PASSED] - click(findTestObject("Object Repository/Amazon_delete_item_from_cart_TC005/Page_Amazon.com. Spend less. Smile more/inputnav-search-submit-button")): Object: 'Object Repository/Amazon_delete_item_from_cart_TC005/Page_Amazon.com. Spend less. Smile more/inputnav-search-submit-button' is clicked on

30-01-2024T22:35:57 - [MESSAGE][PASSED] - Object: 'Object Repository/Amazon_delete_item_from_cart_TC005/Page_Amazon.com. Spend less. Smile more/inputnav-search-submit-button' is clicked on

30-01-2024T22:35:57 - [TEST_STEP][PASSED] - click(findTestObject("Object Repository/Amazon_delete_item_from_cart_TC005/Page_Amazon.com  chemistry book/span_Chemistry Made Easy An Illustrated Stu_153de6")): Object: 'Object Repository/Amazon_delete_item_from_cart_TC005/Page_Amazon.com  chemistry book/span_Chemistry Made Easy An Illustrated Stu_153de6' is clicked on

30-01-2024T22:36:13 - [MESSAGE][PASSED] - Object: 'Object Repository/Amazon_delete_item_from_cart_TC005/Page_Amazon.com  chemistry book/span_Chemistry Made Easy An Illustrated Stu_153de6' is clicked on

30-01-2024T22:36:13 - [TEST_STEP][PASSED] - click(findTestObject("Amazon_add_to_cart_TC004/Page_Amazon.com AP Chemistry Premium, 2024 _35f007/input_submit.add-to-cart")): Object: 'Object Repository/Amazon_add_to_cart_TC004/Page_Amazon.com AP Chemistry Premium, 2024 _35f007/input_submit.add-to-cart' is clicked on

30-01-2024T22:36:26 - [MESSAGE][PASSED] - Object: 'Object Repository/Amazon_add_to_cart_TC004/Page_Amazon.com AP Chemistry Premium, 2024 _35f007/input_submit.add-to-cart' is clicked on

30-01-2024T22:36:26 - [TEST_STEP][PASSED] - click(findTestObject("Object Repository/Amazon_delete_item_from_cart_TC005/Page_Amazon.com Shopping Cart/a_Go to Cart")): Object: 'Object Repository/Amazon_delete_item_from_cart_TC005/Page_Amazon.com Shopping Cart/a_Go to Cart' is clicked on

30-01-2024T22:36:32 - [MESSAGE][PASSED] - Object: 'Object Repository/Amazon_delete_item_from_cart_TC005/Page_Amazon.com Shopping Cart/a_Go to Cart' is clicked on

30-01-2024T22:36:32 - [TEST_STEP][PASSED] - click(findTestObject("Object Repository/Amazon_delete_item_from_cart_TC005/Page_Amazon.com Shopping Cart/input_submit.delete.8bc2c0f9-b1cf-4a72-854f_3b8889")): Object: 'Object Repository/Amazon_delete_item_from_cart_TC005/Page_Amazon.com Shopping Cart/input_submit.delete.8bc2c0f9-b1cf-4a72-854f_3b8889' is clicked on

30-01-2024T22:37:03 - [MESSAGE][INFO] - Unable to find the element located by 'By.xpath: //input[@name='submit.delete.8bc2c0f9-b1cf-4a72-854f-677af00e11a7']'. Please recheck the objects properties to make sure the desired element is located. 

30-01-2024T22:37:03 - [MESSAGE][WARNING] - [SELF-HEALING] Failed to find element with id 'Object Repository/Amazon_delete_item_from_cart_TC005/Page_Amazon.com Shopping Cart/input_submit.delete.8bc2c0f9-b1cf-4a72-854f_3b8889'. Try using Self-healing.

30-01-2024T22:37:03 - [MESSAGE][WARNING] - [SELF-HEALING] The current locator of test object 'Object Repository/Amazon_delete_item_from_cart_TC005/Page_Amazon.com Shopping Cart/input_submit.delete.8bc2c0f9-b1cf-4a72-854f_3b8889' was broken. Propose an alternative one: '//span[2]/span/input'.

30-01-2024T22:37:03 - [MESSAGE][PASSED] - Object: 'Object Repository/Amazon_delete_item_from_cart_TC005/Page_Amazon.com Shopping Cart/input_submit.delete.8bc2c0f9-b1cf-4a72-854f_3b8889' is clicked on

30-01-2024T22:37:03 - [TEST_STEP][PASSED] - closeBrowser(): Browser is closed

30-01-2024T22:37:03 - [MESSAGE][PASSED] - Browser is closed]]></system-out>
         <system-err><![CDATA[]]></system-err>
      </testcase>
      <system-out><![CDATA[30-01-2024T22:35:23 - [TEST_SUITE][PASSED] - Amazon_delete_item_from_cart_TC005_TestSuite: Test Cases/Testing_Modes/By_Record_web/Amazon_delete_item_from_cart_TC005]]></system-out>
      <system-err><![CDATA[]]></system-err>
   </testsuite>
</testsuites>
